# JRE version: Java(TM) SE Runtime Environment (8.0_131-b11) (build 1.8.0_131-b11)
# Java VM: Java HotSpot(TM) 64-Bit Server VM (25.131-b11 mixed mode linux-amd64 compressed oops)
Heap:
 PSYoungGen      total 349696K, used 332341K [0x0000000780000000, 0x00000007a5a80000, 0x00000007c0000000)
  eden space 167424K, 94% used [0x0000000780000000,0x0000000789b4f550,0x000000078a380000)
  from space 182272K, 95% used [0x0000000797180000,0x00000007a1abe260,0x00000007a2380000)
  to   space 210944K, 0% used [0x000000078a380000,0x000000078a380000,0x0000000797180000)
 ParOldGen       total 476672K, used 384932K [0x0000000700000000, 0x000000071d180000, 0x0000000780000000)
  object space 476672K, 80% used [0x0000000700000000,0x00000007177e9078,0x000000071d180000)
 Metaspace       used 30915K, capacity 32284K, committed 32640K, reserved 1077248K
  class space    used 3877K, capacity 4212K, committed 4224K, reserved 1048576K
GC Heap History (10 events):
Event: 14.989 GC heap before
{Heap before GC invocations=8 (full 2):
 PSYoungGen      total 172032K, used 157400K [0x0000000780000000, 0x0000000795500000, 0x00000007c0000000)
  eden space 113152K, 87% used [0x0000000780000000,0x000000078603b1f8,0x0000000786e80000)
  from space 58880K, 99% used [0x000000078c780000,0x00000007900fb028,0x0000000790100000)
  to   space 91136K, 0% used [0x0000000786e80000,0x0000000786e80000,0x000000078c780000)
 ParOldGen       total 182784K, used 156811K [0x0000000700000000, 0x000000070b280000, 0x0000000780000000)
  object space 182784K, 85% used [0x0000000700000000,0x0000000709922ee8,0x000000070b280000)
 Metaspace       used 23953K, capacity 25312K, committed 25472K, reserved 1071104K
  class space    used 3307K, capacity 3601K, committed 3712K, reserved 1048576K
Event: 15.213 GC heap after
Heap after GC invocations=8 (full 2):
 PSYoungGen      total 172032K, used 16392K [0x0000000780000000, 0x0000000795500000, 0x00000007c0000000)
  eden space 113152K, 0% used [0x0000000780000000,0x0000000780000000,0x0000000786e80000)
  from space 58880K, 27% used [0x000000078c780000,0x000000078d782278,0x0000000790100000)
  to   space 91136K, 0% used [0x0000000786e80000,0x0000000786e80000,0x000000078c780000)
 ParOldGen       total 476672K, used 174121K [0x0000000700000000, 0x000000071d180000, 0x0000000780000000)
  object space 476672K, 36% used [0x0000000700000000,0x000000070aa0a780,0x000000071d180000)
 Metaspace       used 23953K, capacity 25312K, committed 25472K, reserved 1071104K
  class space    used 3307K, capacity 3601K, committed 3712K, reserved 1048576K
}
Event: 15.724 GC heap before
{Heap before GC invocations=9 (full 2):
 PSYoungGen      total 172032K, used 129544K [0x0000000780000000, 0x0000000795500000, 0x00000007c0000000)
  eden space 113152K, 100% used [0x0000000780000000,0x0000000786e80000,0x0000000786e80000)
  from space 58880K, 27% used [0x000000078c780000,0x000000078d782278,0x0000000790100000)
  to   space 91136K, 0% used [0x0000000786e80000,0x0000000786e80000,0x000000078c780000)
 ParOldGen       total 476672K, used 174121K [0x0000000700000000, 0x000000071d180000, 0x0000000780000000)
  object space 476672K, 36% used [0x0000000700000000,0x000000070aa0a780,0x000000071d180000)
 Metaspace       used 23953K, capacity 25312K, committed 25472K, reserved 1071104K
  class space    used 3307K, capacity 3601K, committed 3712K, reserved 1048576K
Event: 15.765 GC heap after
Heap after GC invocations=9 (full 2):
 PSYoungGen      total 204288K, used 85772K [0x0000000780000000, 0x0000000798000000, 0x00000007c0000000)
  eden space 113152K, 0% used [0x0000000780000000,0x0000000780000000,0x0000000786e80000)
  from space 91136K, 94% used [0x0000000786e80000,0x000000078c2433d8,0x000000078c780000)
  to   space 110080K, 0% used [0x0000000791480000,0x0000000791480000,0x0000000798000000)
 ParOldGen       total 476672K, used 174121K [0x0000000700000000, 0x000000071d180000, 0x0000000780000000)
  object space 476672K, 36% used [0x0000000700000000,0x000000070aa0a780,0x000000071d180000)
 Metaspace       used 23953K, capacity 25312K, committed 25472K, reserved 1071104K
  class space    used 3307K, capacity 3601K, committed 3712K, reserved 1048576K
}
Event: 17.110 GC heap before
{Heap before GC invocations=10 (full 2):
 PSYoungGen      total 204288K, used 175812K [0x0000000780000000, 0x0000000798000000, 0x00000007c0000000)
  eden space 113152K, 79% used [0x0000000780000000,0x00000007857edd88,0x0000000786e80000)
  from space 91136K, 94% used [0x0000000786e80000,0x000000078c2433d8,0x000000078c780000)
  to   space 110080K, 0% used [0x0000000791480000,0x0000000791480000,0x0000000798000000)
 ParOldGen       total 476672K, used 174121K [0x0000000700000000, 0x000000071d180000, 0x0000000780000000)
  object space 476672K, 36% used [0x0000000700000000,0x000000070aa0a780,0x000000071d180000)
 Metaspace       used 23953K, capacity 25312K, committed 25472K, reserved 1071104K
  class space    used 3307K, capacity 3601K, committed 3712K, reserved 1048576K
Event: 17.161 GC heap after
Heap after GC invocations=10 (full 2):
 PSYoungGen      total 236544K, used 110079K [0x0000000780000000, 0x000000079e400000, 0x00000007c0000000)
  eden space 126464K, 0% used [0x0000000780000000,0x0000000780000000,0x0000000787b80000)
  from space 110080K, 99% used [0x0000000791480000,0x0000000797fffd10,0x0000000798000000)
  to   space 156672K, 0% used [0x0000000787b80000,0x0000000787b80000,0x0000000791480000)
 ParOldGen       total 476672K, used 228500K [0x0000000700000000, 0x000000071d180000, 0x0000000780000000)
  object space 476672K, 47% used [0x0000000700000000,0x000000070df25060,0x000000071d180000)
 Metaspace       used 23953K, capacity 25312K, committed 25472K, reserved 1071104K
  class space    used 3307K, capacity 3601K, committed 3712K, reserved 1048576K
}
Event: 17.241 GC heap before
{Heap before GC invocations=11 (full 2):
 PSYoungGen      total 236544K, used 236543K [0x0000000780000000, 0x000000079e400000, 0x00000007c0000000)
  eden space 126464K, 100% used [0x0000000780000000,0x0000000787b80000,0x0000000787b80000)
  from space 110080K, 99% used [0x0000000791480000,0x0000000797fffd10,0x0000000798000000)
  to   space 156672K, 0% used [0x0000000787b80000,0x0000000787b80000,0x0000000791480000)
 ParOldGen       total 476672K, used 228500K [0x0000000700000000, 0x000000071d180000, 0x0000000780000000)
  object space 476672K, 47% used [0x0000000700000000,0x000000070df25060,0x000000071d180000)
 Metaspace       used 23953K, capacity 25312K, committed 25472K, reserved 1071104K
  class space    used 3307K, capacity 3601K, committed 3712K, reserved 1048576K
Event: 17.302 GC heap after
Heap after GC invocations=11 (full 2):
 PSYoungGen      total 283136K, used 145276K [0x0000000780000000, 0x00000007a2380000, 0x00000007c0000000)
  eden space 126464K, 0% used [0x0000000780000000,0x0000000780000000,0x0000000787b80000)
  from space 156672K, 92% used [0x0000000787b80000,0x000000079095f110,0x0000000791480000)
  to   space 182272K, 0% used [0x0000000797180000,0x0000000797180000,0x00000007a2380000)
 ParOldGen       total 476672K, used 233230K [0x0000000700000000, 0x000000071d180000, 0x0000000780000000)
  object space 476672K, 48% used [0x0000000700000000,0x000000070e3c39f8,0x000000071d180000)
 Metaspace       used 23953K, capacity 25312K, committed 25472K, reserved 1071104K
  class space    used 3307K, capacity 3601K, committed 3712K, reserved 1048576K
}
Event: 18.886 GC heap before
{Heap before GC invocations=12 (full 2):
 PSYoungGen      total 283136K, used 271740K [0x0000000780000000, 0x00000007a2380000, 0x00000007c0000000)
  eden space 126464K, 100% used [0x0000000780000000,0x0000000787b80000,0x0000000787b80000)
  from space 156672K, 92% used [0x0000000787b80000,0x000000079095f110,0x0000000791480000)
  to   space 182272K, 0% used [0x0000000797180000,0x0000000797180000,0x00000007a2380000)
 ParOldGen       total 476672K, used 361230K [0x0000000700000000, 0x000000071d180000, 0x0000000780000000)
  object space 476672K, 75% used [0x0000000700000000,0x00000007160c3a08,0x000000071d180000)
 Metaspace       used 23957K, capacity 25318K, committed 25472K, reserved 1071104K
  class space    used 3308K, capacity 3602K, committed 3712K, reserved 1048576K
Event: 18.974 GC heap after
Heap after GC invocations=12 (full 2):
 PSYoungGen      total 349696K, used 173304K [0x0000000780000000, 0x00000007a5a80000, 0x00000007c0000000)
  eden space 167424K, 0% used [0x0000000780000000,0x0000000780000000,0x000000078a380000)
  from space 182272K, 95% used [0x0000000797180000,0x00000007a1abe260,0x00000007a2380000)
  to   space 210944K, 0% used [0x000000078a380000,0x000000078a380000,0x0000000797180000)
 ParOldGen       total 476672K, used 384932K [0x0000000700000000, 0x000000071d180000, 0x0000000780000000)
  object space 476672K, 80% used [0x0000000700000000,0x00000007177e9078,0x000000071d180000)
 Metaspace       used 23957K, capacity 25318K, committed 25472K, reserved 1071104K
  class space    used 3308K, capacity 3602K, committed 3712K, reserved 1048576K
}

